<?xml version="1.0" encoding="UTF-8"?>
<testng-results ignored="0" total="1" passed="1" failed="0" skipped="0">
  <reporter-output>
  </reporter-output>
  <suite started-at="2020-05-29T03:47:28Z" name="Default suite" finished-at="2020-05-29T03:47:39Z" duration-ms="11098">
    <groups>
    </groups>
    <test started-at="2020-05-29T03:47:28Z" name="Default test" finished-at="2020-05-29T03:47:39Z" duration-ms="11098">
      <class name="testCaseforPOM.LoginGitHubTest">
        <test-method is-config="true" signature="setUP()[pri:0, instance:testCaseforPOM.LoginGitHubTest@17c386de]" started-at="2020-05-29T03:47:28Z" name="setUP" finished-at="2020-05-29T03:47:36Z" duration-ms="7435" status="PASS">
          <reporter-output>
          </reporter-output>
        </test-method> <!-- setUP -->
        <test-method signature="doLogin()[pri:0, instance:testCaseforPOM.LoginGitHubTest@17c386de]" started-at="2020-05-29T03:47:36Z" name="doLogin" finished-at="2020-05-29T03:47:39Z" duration-ms="2931" status="PASS">
          <reporter-output>
          </reporter-output>
        </test-method> <!-- doLogin -->
        <test-method is-config="true" signature="tearDown()[pri:0, instance:testCaseforPOM.LoginGitHubTest@17c386de]" started-at="2020-05-29T03:47:39Z" name="tearDown" finished-at="2020-05-29T03:47:39Z" duration-ms="686" status="PASS">
          <reporter-output>
          </reporter-output>
        </test-method> <!-- tearDown -->
      </class> <!-- testCaseforPOM.LoginGitHubTest -->
    </test> <!-- Default test -->
  </suite> <!-- Default suite -->
</testng-results>
